c:\users\maxim\source\repos\laboratory\laboratory\x64\debug\vc143.pdb
c:\users\maxim\source\repos\laboratory\laboratory\x64\debug\.netframework,version=v4.7.2.assemblyattributes.obj
c:\users\maxim\source\repos\laboratory\laboratory\x64\debug\myform.obj
c:\users\maxim\source\repos\laboratory\laboratory\x64\debug\lobby.obj
c:\users\maxim\source\repos\laboratory\laboratory\x64\debug\laboratory.lobby.resources
c:\users\maxim\source\repos\laboratory\laboratory\x64\debug\laboratory.myform.resources
c:\users\maxim\source\repos\laboratory\laboratory\x64\debug\laboratory.vcxproj.assemblyreference.cache
c:\users\maxim\source\repos\laboratory\laboratory\x64\debug\laboratory.vcxproj.generateresource.cache
c:\users\maxim\source\repos\laboratory\laboratory\x64\debug\laboratory.vcxproj.suggestedbindingredirects.cache
c:\users\maxim\source\repos\laboratory\x64\debug\laboratory.pdb
c:\users\maxim\source\repos\laboratory\x64\debug\laboratory.exe
c:\users\maxim\source\repos\laboratory\laboratory\x64\debug\laboratory.tlog\cl.command.1.tlog
c:\users\maxim\source\repos\laboratory\laboratory\x64\debug\laboratory.tlog\cl.read.1.tlog
c:\users\maxim\source\repos\laboratory\laboratory\x64\debug\laboratory.tlog\cl.write.1.tlog
c:\users\maxim\source\repos\laboratory\laboratory\x64\debug\laboratory.tlog\laboratory.write.1u.tlog
c:\users\maxim\source\repos\laboratory\laboratory\x64\debug\laboratory.tlog\link.command.1.tlog
c:\users\maxim\source\repos\laboratory\laboratory\x64\debug\laboratory.tlog\link.read.1.tlog
c:\users\maxim\source\repos\laboratory\laboratory\x64\debug\laboratory.tlog\link.write.1.tlog
c:\users\maxim\source\repos\laboratory\laboratory\x64\debug\laboratory.tlog\metagen.read.1.tlog
c:\users\maxim\source\repos\laboratory\laboratory\x64\debug\laboratory.tlog\metagen.write.1.tlog
